2018-11-22 17:11:307 INFO  LoggerHelper :21 - logger is configured
2018-11-22 17:11:311 INFO  LoggerHelper :22 - logger is configured
2018-11-22 17:11:311 INFO  LoggerHelper :23 - logger is configured
2018-11-22 18:11:941 INFO  LoggerHelper :23 - logger is configured
2018-11-22 18:11:988 INFO  LoggerHelper :24 - logger is configured
2018-11-22 18:11:990 INFO  LoggerHelper :25 - logger is configured
2018-11-22 18:11:59 INFO  LoggerHelper :23 - logger is configured
2018-11-22 18:11:62 INFO  LoggerHelper :24 - logger is configured
2018-11-22 18:11:62 INFO  LoggerHelper :25 - logger is configured
2018-11-22 18:11:836 INFO  LoggerHelper :23 - logger is configured
2018-11-22 18:11:839 INFO  LoggerHelper :24 - logger is configured
2018-11-22 18:11:848 INFO  LoggerHelper :25 - logger is configured
2018-12-05 11:12:105 INFO  Retry :17 - Retrying test testLogin with status FAILURE for the 1 times.
2018-12-05 11:12:116 INFO  Retry :17 - Retrying test testLogin with status FAILURE for the 2 times.
2018-12-05 11:12:128 INFO  Retry :17 - Retrying test testLogin with status FAILURE for the 3 times.
2018-12-05 11:12:173 INFO  Retry :17 - Retrying test testLogin with status FAILURE for the 1 times.
2018-12-05 11:12:179 INFO  Retry :17 - Retrying test testLogin with status FAILURE for the 2 times.
2018-12-05 11:12:196 INFO  Retry :17 - Retrying test testLogin with status FAILURE for the 3 times.
2018-12-05 11:12:870 INFO  Retry :17 - Retrying test testLogin with status FAILURE for the 1 times.
2018-12-05 11:12:880 INFO  Retry :17 - Retrying test testLogin with status FAILURE for the 2 times.
2018-12-05 11:12:887 INFO  Retry :17 - Retrying test testLogin with status FAILURE for the 3 times.
2018-12-05 11:12:947 INFO  Retry :17 - Retrying test testLogin with status FAILURE for the 1 times.
2018-12-05 11:12:961 INFO  Retry :17 - Retrying test testLogin with status FAILURE for the 2 times.
2018-12-05 11:12:974 INFO  Retry :17 - Retrying test testLogin with status FAILURE for the 3 times.
2018-12-05 12:12:913 INFO  Retry :17 - Retrying test testLogin with status FAILURE for the 1 times.
2018-12-05 12:12:948 INFO  Retry :17 - Retrying test testLogin with status FAILURE for the 2 times.
2018-12-05 12:12:964 INFO  Retry :17 - Retrying test testLogin with status FAILURE for the 3 times.
2018-12-05 12:12:78 INFO  Retry :17 - Retrying test testLogin with status FAILURE for the 1 times.
2018-12-05 12:12:86 INFO  Retry :17 - Retrying test testLogin with status FAILURE for the 2 times.
2018-12-05 12:12:116 INFO  Retry :17 - Retrying test testLogin with status FAILURE for the 3 times.
2018-12-05 12:12:214 INFO  Retry :17 - Retrying test testLogin with status FAILURE for the 1 times.
2018-12-05 12:12:223 INFO  Retry :17 - Retrying test testLogin with status FAILURE for the 2 times.
2018-12-05 12:12:228 INFO  Retry :17 - Retrying test testLogin with status FAILURE for the 3 times.
2018-12-05 12:12:269 INFO  Retry :17 - Retrying test testLogin with status FAILURE for the 1 times.
2018-12-05 12:12:276 INFO  Retry :17 - Retrying test testLogin with status FAILURE for the 2 times.
2018-12-05 12:12:329 INFO  Retry :17 - Retrying test testLoginB with status FAILURE for the 1 times.
2018-12-05 12:12:338 INFO  Retry :17 - Retrying test testLoginB with status FAILURE for the 2 times.
2018-12-05 12:12:378 INFO  Retry :17 - Retrying test testLoginC with status FAILURE for the 1 times.
2018-12-05 12:12:390 INFO  Retry :17 - Retrying test testLoginC with status FAILURE for the 2 times.
2018-12-07 17:12:923 INFO  ExcelHelper :97 - result updated..
2018-12-07 17:12:220 INFO  ExcelHelper :97 - result updated..
2018-12-07 17:12:303 INFO  ExcelHelper :97 - result updated..
2018-12-10 15:12:880 INFO  VerificationHelper :18 - making script PASS..
2018-12-10 15:12:900 INFO  VerificationHelper :28 - making script FAIL..
2018-12-10 15:12:915 INFO  VerificationHelper :18 - making script PASS..
2018-12-10 15:12:922 INFO  VerificationHelper :28 - making script FAIL..
2018-12-10 15:12:806 INFO  VerificationHelper :18 - making script PASS..
2018-12-10 15:12:821 INFO  VerificationHelper :28 - making script FAIL..
2018-12-10 15:12:830 INFO  VerificationHelper :18 - making script PASS..
2018-12-10 15:12:836 INFO  VerificationHelper :28 - making script FAIL..
2018-12-10 15:12:750 INFO  VerificationHelper :18 - making script PASS..
2018-12-10 15:12:760 INFO  VerificationHelper :28 - making script FAIL..
2018-12-10 15:12:770 INFO  VerificationHelper :18 - making script PASS..
2018-12-10 15:12:775 INFO  VerificationHelper :28 - making script FAIL..
2018-12-10 15:12:485 INFO  VerificationHelper :18 - making script PASS..
2018-12-10 15:12:497 INFO  VerificationHelper :28 - making script FAIL..
2018-12-10 15:12:507 INFO  VerificationHelper :18 - making script PASS..
2018-12-10 15:12:512 INFO  VerificationHelper :28 - making script FAIL..
2018-12-10 15:12:227 INFO  VerificationHelper :18 - making script PASS..
2018-12-10 15:12:616 INFO  VerificationHelper :28 - making script FAIL..
2018-12-10 15:12:727 INFO  VerificationHelper :18 - making script PASS..
2018-12-10 15:12:804 INFO  VerificationHelper :28 - making script FAIL..
2018-12-10 16:12:09 INFO  VerificationHelper :18 - making script PASS..
2018-12-10 16:12:520 INFO  VerificationHelper :28 - making script FAIL..
2018-12-10 16:12:698 INFO  VerificationHelper :18 - making script PASS..
2018-12-10 16:12:840 INFO  VerificationHelper :28 - making script FAIL..
2018-12-10 16:12:973 INFO  VerificationHelper :18 - making script PASS..
2018-12-10 16:12:70 INFO  VerificationHelper :28 - making script FAIL..
2018-12-10 16:12:171 INFO  VerificationHelper :18 - making script PASS..
2018-12-10 16:12:268 INFO  VerificationHelper :28 - making script FAIL..
